[2025-01-06 03:00:35] ERROR: Usage: ./pki-manager.sh check <service-name>
[2025-01-06 03:00:48] ERROR: Usage: ./pki-manager.sh check <service-name>
[2025-01-06 03:01:52] No services directory found at cybertron-pki/services
[2025-01-06 03:03:20] No services directory found at cybertron-pki/services
[2025-01-06 03:10:46] No services directory found at cybertron-pki/services
[2025-01-06 03:11:06] No services directory found at cybertron-pki/services
[2025-01-06 03:11:06] Please run  init
[2025-01-06 03:11:40] No services directory found at cybertron-pki/services
[2025-01-06 03:11:40] Please run () init
[2025-01-06 03:12:12] No services directory found at cybertron-pki/services
[2025-01-06 03:12:12] Please run pki-manager.sh init
[2025-01-06 03:12:34] No services directory found at cybertron-pki/services
[2025-01-06 12:46:50] Creating PKI directory structure
[2025-01-06 12:46:50] Generating root CA key using prime256v1 curve
[2025-01-06 12:46:50] Generating root CA certificate (valid for 1460 days)
[2025-01-06 12:50:15] Creating PKI directory structure
[2025-01-06 12:50:15] Generating root CA key using prime256v1 curve
[2025-01-06 12:50:15] Generating root CA certificate (valid for 1460 days)
[2025-01-06 12:50:28] Creating PKI directory structure
[2025-01-06 12:50:28] Generating root CA key using prime256v1 curve
[2025-01-06 12:50:28] Generating root CA certificate (valid for 1460 days)
[2025-01-06 12:51:18] Creating PKI directory structure
[2025-01-06 12:51:18] Generating root CA key using prime256v1 curve
[2025-01-06 12:51:18] Generating root CA certificate (valid for 1460 days)
[2025-01-06 12:52:13] Creating PKI directory structure
[2025-01-06 12:52:13] Generating root CA key using prime256v1 curve
[2025-01-06 12:52:13] Generating root CA certificate (valid for 1460 days)
[2025-01-06 12:54:22] Creating PKI directory structure
[2025-01-06 12:54:22] Generating root CA key using prime256v1 curve
[2025-01-06 12:54:22] Generating root CA certificate (valid for 1460 days)
[2025-01-06 12:57:21] Warning: PKI directory 'pki' already exists
[2025-01-06 12:57:23] Creating backup of existing PKI structure
[2025-01-06 12:57:23] Creating backup at backups/pki_backup_20250106_125723.tar.gz
[2025-01-06 12:57:23] Backup completed successfully
[2025-01-06 12:57:23] Removing existing PKI structure
[2025-01-06 12:57:23] Directory removed successfully
[2025-01-06 12:57:23] Creating PKI directory structure
[2025-01-06 12:57:23] Generating root CA key using prime256v1 curve
[2025-01-06 12:57:23] Generating root CA certificate (valid for 1460 days)
[2025-01-06 12:58:56] Creating PKI directory structure
[2025-01-06 12:58:56] Generating root CA key using prime256v1 curve
[2025-01-06 12:58:56] Generating root CA certificate (valid for 1460 days)
[2025-01-06 13:01:53] Creating PKI directory structure
[2025-01-06 13:01:53] Generating root CA key using prime256v1 curve
[2025-01-06 13:01:53] Generating root CA certificate (valid for 1460 days)
[2025-01-06 13:04:10] Creating PKI directory structure
[2025-01-06 13:04:10] Generating root CA key using prime256v1 curve
[2025-01-06 13:04:10] Generating root CA certificate (valid for 1460 days)
[2025-01-06 13:05:10] Creating PKI directory structure
[2025-01-06 13:05:10] Generating root CA key using prime256v1 curve
[2025-01-06 13:05:10] Generating root CA certificate (valid for 1460 days)
[2025-01-06 13:05:45] Warning: PKI directory 'pki' already exists
[2025-01-06 13:05:47] Creating backup of existing PKI structure
[2025-01-06 13:05:47] Creating backup at backups/pki_backup_20250106_130547.tar.gz
[2025-01-06 13:05:47] Backup completed successfully
[2025-01-06 13:05:47] Removing existing PKI structure
[2025-01-06 13:05:47] Directory removed successfully
[2025-01-06 13:05:47] Creating PKI directory structure
[2025-01-06 13:05:47] Generating root CA key using prime256v1 curve
[2025-01-06 13:05:47] Generating root CA certificate (valid for 1460 days)
[2025-01-06 13:07:00] Creating PKI directory structure
[2025-01-06 13:07:00] Generating root CA key using prime256v1 curve
[2025-01-06 13:07:01] Generating root CA certificate (valid for 1460 days)
[2025-01-06 13:10:20] Creating PKI directory structure
[2025-01-06 13:10:20] Generating root CA key using prime256v1 curve
[2025-01-06 13:10:20] Generating root CA certificate (valid for 1460 days)
[2025-01-06 15:10:40] Warning: PKI directory 'pki' already exists
[2025-01-06 15:10:40] Creating backup of existing PKI structure
[2025-01-06 15:10:41] Creating backup at backups/pki_backup_20250106_151040.tar.gz
[2025-01-06 15:10:41] Backup completed successfully
[2025-01-06 15:10:41] Removing existing PKI structure
[2025-01-06 15:10:41] Directory removed successfully
[2025-01-06 15:10:41] Creating PKI directory structure
[2025-01-06 15:10:41] Generating root CA key using prime256v1 curve
[2025-01-06 15:10:41] Generating root CA certificate (valid for 1460 days)
[2025-01-06 15:11:25] Warning: PKI directory 'pki' already exists
[2025-01-06 15:11:26] Creating backup of existing PKI structure
[2025-01-06 15:11:26] Creating backup at backups/pki_backup_20250106_151126.tar.gz
[2025-01-06 15:11:26] Backup completed successfully
[2025-01-06 15:11:26] Removing existing PKI structure
[2025-01-06 15:11:26] Directory removed successfully
[2025-01-06 15:11:26] Creating PKI directory structure
[2025-01-06 15:11:26] Generating root CA key using prime256v1 curve
[2025-01-06 15:11:26] Generating root CA certificate (valid for 1460 days)
[2025-01-06 15:13:02] Creating PKI directory structure
[2025-01-06 15:13:02] Generating root CA key using prime256v1 curve
[2025-01-06 15:13:02] Generating root CA certificate (valid for 1460 days)
[2025-01-06 15:41:35] Warning: PKI directory 'pki' already exists
[2025-01-06 15:41:37] Creating backup of existing PKI structure
[2025-01-06 15:41:37] Creating backup at backups/pki_backup_20250106_154137.tar.gz
[2025-01-06 15:41:37] Backup completed successfully
[2025-01-06 15:41:37] Removing existing PKI structure
[2025-01-06 15:41:37] Directory removed successfully
[2025-01-06 15:41:37] Creating PKI directory structure
[2025-01-06 15:41:37] Generating root CA key using prime256v1 curve
[2025-01-06 15:41:37] Generating root CA certificate (valid for 1460 days)
[2025-01-06 15:41:37] Generating intermediate CA key using prime256v1 curve
[2025-01-06 15:41:37] Generating intermediate CA CSR
[2025-01-06 15:41:37] Signing intermediate CA certificate (valid for 365 days)
[2025-01-06 15:41:47] Creating certificate chain file
[2025-01-06 15:41:47] Certificate chains created at:
[2025-01-06 15:41:47]   Full chain (root + intermediate): pki/chains/cybertron-network-ca-chain.crt
[2025-01-06 15:41:47]   Intermediate chain: pki/chains/cybertron-network-intermediate-chain.crt
[2025-01-06 15:41:47] Creating backup at backups/pki_backup_20250106_154147.tar.gz
[2025-01-06 15:41:47] Backup completed successfully
[2025-01-06 15:41:47] PKI initialization complete. Important files:
[2025-01-06 15:41:47]   Root CA: pki/root/certs/ca.crt
[2025-01-06 15:41:47]   Intermediate CA: pki/intermediate/certs/intermediate.crt
[2025-01-06 15:41:47]   Full Chain: pki/chains/ca-chain.crt
[2025-01-06 15:41:47]   Intermediate Chain: pki/chains/intermediate-chain.crt
[2025-01-06 15:43:41] Generating new key and CSR for nas (allspark.cybertron)
[2025-01-06 15:43:41] Adding Subject Alternative Names: DNS:allspark.cybertron,IP:10.10.23.24,DNS:allspark
[2025-01-06 15:43:46] Certificate generated successfully for nas
[2025-01-06 15:43:46] Creating backup at backups/pki_backup_20250106_154346.tar.gz
[2025-01-06 15:43:46] Backup completed successfully
[2025-01-06 15:44:32] Generating new key and CSR for nginx (example.com)
[2025-01-06 15:44:32] Adding Subject Alternative Names: DNS:example.com,DNS:example.org,DNS:www.example.com,IP:192.168.1.10
[2025-01-06 15:44:38] Certificate generated successfully for nginx
[2025-01-06 15:44:38] Creating backup at backups/pki_backup_20250106_154438.tar.gz
[2025-01-06 15:44:38] Backup completed successfully
[2025-01-06 15:52:31] Generating new key and CSR for nginx (example.com)
[2025-01-06 15:52:53] Generating new key and CSR for nginx2 (example.com)
[2025-01-06 15:52:53] Adding Subject Alternative Names: DNS:example.com,DNS:example.org,DNS:www.example.com,IP:192.168.1.10
[2025-01-06 15:53:24] Generating new key and CSR for nginx2 (example2.com)
[2025-01-06 15:53:39] Generating new key and CSR for nginx3 (example3.com)
[2025-01-06 15:53:39] Adding Subject Alternative Names: DNS:example3.com,DNS:example3.org,DNS:www.example3.com,IP:192.168.1.13
[2025-01-06 15:53:42] Certificate generated successfully for nginx3
[2025-01-06 15:53:42] Creating backup at backups/pki_backup_20250106_155342.tar.gz
[2025-01-06 15:53:42] Backup completed successfully
[2025-01-06 15:57:52] Warning: PKI directory 'pki' already exists
[2025-01-06 15:57:54] Creating backup of existing PKI structure
[2025-01-06 15:57:54] Creating backup at backups/pki_backup_20250106_155754.tar.gz
[2025-01-06 15:57:54] Backup completed successfully
[2025-01-06 15:57:54] Removing existing PKI structure
[2025-01-06 15:57:54] Directory removed successfully
[2025-01-06 15:57:54] Creating PKI directory structure
[2025-01-06 15:57:54] Generating root CA key using prime256v1 curve
[2025-01-06 15:57:54] Generating root CA certificate (valid for 1460 days)
[2025-01-06 15:58:38] Warning: PKI directory 'pki' already exists
[2025-01-06 15:58:38] Creating backup of existing PKI structure
[2025-01-06 15:58:38] Creating backup at backups/pki_backup_20250106_155838.tar.gz
[2025-01-06 15:58:39] Backup completed successfully
[2025-01-06 15:58:39] Removing existing PKI structure
[2025-01-06 15:58:39] Directory removed successfully
[2025-01-06 15:58:39] Creating PKI directory structure
[2025-01-06 15:58:39] Generating root CA key using prime256v1 curve
[2025-01-06 15:58:39] Generating root CA certificate (valid for 1460 days)
[2025-01-06 15:59:04] Warning: PKI directory 'pki' already exists
[2025-01-06 15:59:05] Creating backup of existing PKI structure
[2025-01-06 15:59:05] Creating backup at backups/pki_backup_20250106_155905.tar.gz
[2025-01-06 15:59:05] Backup completed successfully
[2025-01-06 15:59:05] Removing existing PKI structure
[2025-01-06 15:59:05] Directory removed successfully
[2025-01-06 15:59:05] Creating PKI directory structure
[2025-01-06 15:59:05] Generating root CA key using prime256v1 curve
[2025-01-06 15:59:05] Generating root CA certificate (valid for 1460 days)
[2025-01-06 16:07:33] Warning: PKI directory 'pki' already exists
[2025-01-06 16:07:34] Creating backup of existing PKI structure
[2025-01-06 16:07:34] Creating backup at backups/pki_backup_20250106_160734.tar.gz
[2025-01-06 16:07:34] Backup completed successfully
[2025-01-06 16:07:34] Removing existing PKI structure
[2025-01-06 16:07:34] Directory removed successfully
[2025-01-06 16:07:34] Creating PKI directory structure
[2025-01-06 16:07:34] Generating root CA key using prime256v1 curve
[2025-01-06 16:07:34] Generating root CA certificate (valid for 1460 days)
[2025-01-06 16:08:28] Warning: PKI directory 'pki' already exists
[2025-01-06 16:08:30] Creating backup of existing PKI structure
[2025-01-06 16:08:30] Creating backup at backups/pki_backup_20250106_160830.tar.gz
[2025-01-06 16:08:30] Backup completed successfully
[2025-01-06 16:08:30] Removing existing PKI structure
[2025-01-06 16:08:30] Directory removed successfully
[2025-01-06 16:08:30] Creating PKI directory structure
[2025-01-06 16:08:30] Generating root CA key using prime256v1 curve
[2025-01-06 16:08:30] Generating root CA certificate (valid for 1460 days)
[2025-01-06 16:14:29] Warning: PKI directory 'pki' already exists
[2025-01-06 16:14:30] Creating backup of existing PKI structure
[2025-01-06 16:14:30] Creating backup at backups/pki_backup_20250106_161430.tar.gz
[2025-01-06 16:14:30] Backup completed successfully
[2025-01-06 16:14:30] Removing existing PKI structure
[2025-01-06 16:14:30] Directory removed successfully
[2025-01-06 16:14:30] Creating PKI directory structure
[2025-01-06 16:14:30] Generating root CA key using prime256v1 curve
[2025-01-06 16:14:30] Generating root CA certificate (valid for 1460 days)
[2025-01-06 16:14:30] Generating intermediate CA key using prime256v1 curve
[2025-01-06 16:14:30] Generating intermediate CA CSR
[2025-01-06 16:14:30] Signing intermediate CA certificate (valid for 365 days)
[2025-01-06 16:14:33] Creating certificate chain file
[2025-01-06 16:14:33] Certificate chains created at:
[2025-01-06 16:14:33]   Full chain (root + intermediate): pki/chains/cybertron-network-ca-chain.crt
[2025-01-06 16:14:33]   Intermediate chain: pki/chains/cybertron-network-intermediate-chain.crt
[2025-01-06 16:14:33] Creating backup at backups/pki_backup_20250106_161433.tar.gz
[2025-01-06 16:14:33] Backup completed successfully
[2025-01-06 16:14:33] PKI initialization complete. Important files:
[2025-01-06 16:14:33]   Root CA: pki/root/certs/ca.crt
[2025-01-06 16:14:33]   Intermediate CA: pki/intermediate/certs/intermediate.crt
[2025-01-06 16:14:33]   Full Chain: pki/chains/ca-chain.crt
[2025-01-06 16:14:33]   Intermediate Chain: pki/chains/intermediate-chain.crt
[2025-01-06 16:15:02] Generating new key and CSR for nginx (example.com)
[2025-01-06 16:15:02] Adding Subject Alternative Names: DNS:example.com,DNS:example.org,DNS:www.example.com,IP:192.168.1.10
[2025-01-06 16:15:02] Adding Subject Alternative Names: DNS:example.com,DNS:example.org,DNS:www.example.com,IP:192.168.1.10
[2025-01-06 16:17:11] Warning: PKI directory 'pki' already exists
[2025-01-06 16:17:12] Creating backup of existing PKI structure
[2025-01-06 16:17:12] Creating backup at backups/pki_backup_20250106_161712.tar.gz
[2025-01-06 16:17:12] Backup completed successfully
[2025-01-06 16:17:12] Removing existing PKI structure
[2025-01-06 16:17:12] Directory removed successfully
[2025-01-06 16:17:12] Creating PKI directory structure
[2025-01-06 16:17:12] Generating root CA key using prime256v1 curve
[2025-01-06 16:17:12] Generating root CA certificate (valid for 1460 days)
[2025-01-06 16:17:12] Generating intermediate CA key using prime256v1 curve
[2025-01-06 16:17:12] Generating intermediate CA CSR
[2025-01-06 16:17:12] Signing intermediate CA certificate (valid for 365 days)
[2025-01-06 16:17:15] Creating certificate chain file
[2025-01-06 16:17:15] Certificate chains created at:
[2025-01-06 16:17:15]   Full chain (root + intermediate): pki/chains/cybertron-network-ca-chain.crt
[2025-01-06 16:17:15]   Intermediate chain: pki/chains/cybertron-network-intermediate-chain.crt
[2025-01-06 16:17:15] Creating backup at backups/pki_backup_20250106_161715.tar.gz
[2025-01-06 16:17:15] Backup completed successfully
[2025-01-06 16:17:15] PKI initialization complete. Important files:
[2025-01-06 16:17:15]   Root CA: pki/root/certs/ca.crt
[2025-01-06 16:17:15]   Intermediate CA: pki/intermediate/certs/intermediate.crt
[2025-01-06 16:17:15]   Full Chain: pki/chains/ca-chain.crt
[2025-01-06 16:17:15]   Intermediate Chain: pki/chains/intermediate-chain.crt
[2025-01-06 16:17:22] Generating new key and CSR for nginx (example.com)
[2025-01-06 16:17:22] Adding Subject Alternative Names: DNS:example.com,DNS:example.org,DNS:www.example.com,IP:192.168.1.10
[2025-01-06 16:17:22] Adding Subject Alternative Names: DNS:example.com,DNS:example.org,DNS:www.example.com,IP:192.168.1.10
[2025-01-06 16:19:35] Warning: PKI directory 'pki' already exists
[2025-01-06 16:19:37] Creating backup of existing PKI structure
[2025-01-06 16:19:37] Creating backup at backups/pki_backup_20250106_161937.tar.gz
[2025-01-06 16:19:37] Backup completed successfully
[2025-01-06 16:19:37] Removing existing PKI structure
[2025-01-06 16:19:37] Directory removed successfully
[2025-01-06 16:19:37] Creating PKI directory structure
[2025-01-06 16:19:37] Generating root CA key using prime256v1 curve
[2025-01-06 16:19:37] Generating root CA certificate (valid for 1460 days)
[2025-01-06 16:19:37] Generating intermediate CA key using prime256v1 curve
[2025-01-06 16:19:37] Generating intermediate CA CSR
[2025-01-06 16:19:37] Signing intermediate CA certificate (valid for 365 days)
[2025-01-06 16:19:40] Creating certificate chain file
[2025-01-06 16:19:40] Certificate chains created at:
[2025-01-06 16:19:40]   Full chain (root + intermediate): pki/chains/cybertron-network-ca-chain.crt
[2025-01-06 16:19:40]   Intermediate chain: pki/chains/cybertron-network-intermediate-chain.crt
[2025-01-06 16:19:40] Creating backup at backups/pki_backup_20250106_161940.tar.gz
[2025-01-06 16:19:40] Backup completed successfully
[2025-01-06 16:19:40] PKI initialization complete. Important files:
[2025-01-06 16:19:40]   Root CA: pki/root/certs/ca.crt
[2025-01-06 16:19:40]   Intermediate CA: pki/intermediate/certs/intermediate.crt
[2025-01-06 16:19:40]   Full Chain: pki/chains/ca-chain.crt
[2025-01-06 16:19:40]   Intermediate Chain: pki/chains/intermediate-chain.crt
[2025-01-06 16:19:42] Generating new key and CSR for nginx (example.com)
[2025-01-06 16:19:42] Adding Subject Alternative Names: DNS:example.com,DNS:example.org,DNS:www.example.com,IP:192.168.1.10
[2025-01-06 16:19:44] Certificate generated successfully for nginx
[2025-01-06 16:19:44] Creating backup at backups/pki_backup_20250106_161944.tar.gz
[2025-01-06 16:19:44] Backup completed successfully
[2025-01-06 16:28:07] Warning: PKI directory 'pki' already exists
[2025-01-06 16:28:08] Creating backup of existing PKI structure
[2025-01-06 16:28:08] Creating backup at backups/pki_backup_20250106_162808.tar.gz
[2025-01-06 16:28:08] Backup completed successfully
[2025-01-06 16:28:08] Removing existing PKI structure
[2025-01-06 16:28:08] Directory removed successfully
[2025-01-06 16:28:08] Creating PKI directory structure
[2025-01-06 16:28:08] Generating root CA key using prime256v1 curve
[2025-01-06 16:28:08] Generating root CA certificate (valid for 1460 days)
[2025-01-06 16:28:08] Generating intermediate CA key using prime256v1 curve
[2025-01-06 16:28:08] Generating intermediate CA CSR
[2025-01-06 16:28:08] Signing intermediate CA certificate (valid for 365 days)
[2025-01-06 16:28:10] Creating certificate chain file
[2025-01-06 16:28:10] Certificate chains created at:
[2025-01-06 16:28:10]   Full chain (root + intermediate): pki/chains/cybertron-network-ca-chain.crt
[2025-01-06 16:28:10]   Intermediate chain: pki/chains/cybertron-network-intermediate-chain.crt
[2025-01-06 16:28:10] Creating backup at backups/pki_backup_20250106_162810.tar.gz
[2025-01-06 16:28:10] Backup completed successfully
[2025-01-06 16:28:10] PKI initialization complete. Important files:
[2025-01-06 16:28:10]   Root CA: pki/root/certs/ca.crt
[2025-01-06 16:28:11]   Intermediate CA: pki/intermediate/certs/intermediate.crt
[2025-01-06 16:28:11]   Full Chain: pki/chains/ca-chain.crt
[2025-01-06 16:28:11]   Intermediate Chain: pki/chains/intermediate-chain.crt
[2025-01-06 16:28:12] Generating new key and CSR for nginx (example.com)
[2025-01-06 16:28:12] Adding Subject Alternative Names: DNS:example.com,DNS:example.org,DNS:www.example.com,IP:192.168.1.10
[2025-01-06 16:28:14] Certificate generated successfully for nginx
[2025-01-06 16:28:14] Creating backup at backups/pki_backup_20250106_162814.tar.gz
[2025-01-06 16:28:14] Backup completed successfully
